0 info it worked if it ends with ok
1 verbose cli [ 'node', '/Users/Art/.nvm/v0.10.44/bin/npm', 'run', 'css-watch' ]
2 info using npm@3.10.10
3 info using node@v0.10.44
4 verbose run-script [ 'precss-watch', 'css-watch', 'postcss-watch' ]
5 info lifecycle Desktop-Preferences-App@0.0.1~precss-watch: Desktop-Preferences-App@0.0.1
6 silly lifecycle Desktop-Preferences-App@0.0.1~precss-watch: no script for precss-watch, continuing
7 info lifecycle Desktop-Preferences-App@0.0.1~css-watch: Desktop-Preferences-App@0.0.1
8 verbose lifecycle Desktop-Preferences-App@0.0.1~css-watch: unsafe-perm in lifecycle true
9 verbose lifecycle Desktop-Preferences-App@0.0.1~css-watch: PATH: /Users/Art/.nvm/v0.10.44/lib/node_modules/npm/bin/node-gyp-bin:/Users/Art/Desktop/shopbot projects/fabmo-preferences-app/node_modules/.bin:/Users/Art/.nvm/v0.10.44/lib/node_modules/npm/bin/node-gyp-bin:/Users/Art/Desktop/shopbot projects/fabmo-preferences-app/node_modules/.bin:/Users/Art/.nvm/v0.10.44/bin:/Library/Frameworks/Python.framework/Versions/3.6/bin:/Users/Art/.rbenv/shims:/usr/local/bin:/usr/bin:/bin:/usr/sbin:/sbin:/usr/local/git/bin:/Users/Art/Library/Android/sdk/platform-tools:/Users/myname/Library/Android/sdk/tools
10 verbose lifecycle Desktop-Preferences-App@0.0.1~css-watch: CWD: /Users/Art/Desktop/shopbot projects/fabmo-preferences-app
11 silly lifecycle Desktop-Preferences-App@0.0.1~css-watch: Args: [ '-c', 'npm run css-build -- --watch' ]
12 silly lifecycle Desktop-Preferences-App@0.0.1~css-watch: Returned: code: 1  signal: null
13 info lifecycle Desktop-Preferences-App@0.0.1~css-watch: Failed to exec css-watch script
14 verbose stack Error: Desktop-Preferences-App@0.0.1 css-watch: `npm run css-build -- --watch`
14 verbose stack Exit status 1
14 verbose stack     at EventEmitter.<anonymous> (/Users/Art/.nvm/v0.10.44/lib/node_modules/npm/lib/utils/lifecycle.js:255:16)
14 verbose stack     at EventEmitter.emit (events.js:98:17)
14 verbose stack     at ChildProcess.<anonymous> (/Users/Art/.nvm/v0.10.44/lib/node_modules/npm/lib/utils/spawn.js:40:14)
14 verbose stack     at ChildProcess.emit (events.js:98:17)
14 verbose stack     at maybeClose (child_process.js:766:16)
14 verbose stack     at Process.ChildProcess._handle.onexit (child_process.js:833:5)
15 verbose pkgid Desktop-Preferences-App@0.0.1
16 verbose cwd /Users/Art/Desktop/shopbot projects/fabmo-preferences-app
17 error Darwin 17.4.0
18 error argv "node" "/Users/Art/.nvm/v0.10.44/bin/npm" "run" "css-watch"
19 error node v0.10.44
20 error npm  v3.10.10
21 error code ELIFECYCLE
22 error Desktop-Preferences-App@0.0.1 css-watch: `npm run css-build -- --watch`
22 error Exit status 1
23 error Failed at the Desktop-Preferences-App@0.0.1 css-watch script 'npm run css-build -- --watch'.
23 error Make sure you have the latest version of node.js and npm installed.
23 error If you do, this is most likely a problem with the Desktop-Preferences-App package,
23 error not with npm itself.
23 error Tell the author that this fails on your system:
23 error     npm run css-build -- --watch
23 error You can get information on how to open an issue for this project with:
23 error     npm bugs Desktop-Preferences-App
23 error Or if that isn't available, you can get their info via:
23 error     npm owner ls Desktop-Preferences-App
23 error There is likely additional logging output above.
24 verbose exit [ 1, true ]
